nohup: ignoring input
[0mGET /account [32m200 [0m476.177 ms - 62[0m
[0mGET /account [36m304 [0m85.301 ms - -[0m
[0mGET /account [32m200 [0m31.017 ms - 62[0m
[0mGET /favicon.ico [31m500 [0m22.254 ms - 37[0m
[0mGET /accounts [31m500 [0m44.652 ms - 37[0m
[0mGET /favicon.ico [31m500 [0m35.665 ms - 37[0m
[0mGET /favicon.ico [31m500 [0m30.763 ms - 37[0m
[0mGET /account [36m304 [0m38.099 ms - -[0m
[0mGET /account [36m304 [0m43.346 ms - -[0m
[0mGET /account [36m304 [0m28.459 ms - -[0m
[0mGET /account [32m200 [0m21.679 ms - 62[0m
[0mGET /favicon.ico [31m500 [0m21.173 ms - 37[0m
[0mGET /favicon.ico [31m500 [0m17.265 ms - 37[0m
[0mPUT /account/pay [32m200 [0m177.772 ms - 38[0m
[0mPUT /account/pay [32m200 [0m31.961 ms - 38[0m
[0mPUT /account/pay [32m200 [0m24.006 ms - 38[0m
[0mPUT /account/pay [32m200 [0m28.806 ms - 38[0m
[0mPUT /account/pay [32m200 [0m32.701 ms - 38[0m
[0mPUT /account/pay [32m200 [0m51.190 ms - 38[0m
[0mPUT /account/pay [32m200 [0m24.794 ms - 38[0m
[0mPUT /account/pay [32m200 [0m21.539 ms - 38[0m
[0mPUT /account/pay [32m200 [0m22.081 ms - 38[0m
[0mPUT /account/pay [32m200 [0m25.034 ms - 38[0m
[0mPUT /account/pay [32m200 [0m21.208 ms - 38[0m
[0mPUT /account/pay [32m200 [0m20.403 ms - 38[0m
[0mPUT /account/pay [32m200 [0m19.782 ms - 38[0m
[0mPUT /account/pay [32m200 [0m18.520 ms - 38[0m
[0mPUT /account/pay [32m200 [0m20.060 ms - 38[0m
[0mGET /account [32m200 [0m20.282 ms - 62[0m
[0mGET /favicon.ico [31m500 [0m11.066 ms - 37[0m
[0mPUT /account/pay [32m200 [0m24.785 ms - 38[0m
[0mPUT /account/pay [32m200 [0m19.973 ms - 38[0m
[0mPUT /account/pay [32m200 [0m28.058 ms - 38[0m
[0mPUT /account/pay [32m200 [0m30.558 ms - 38[0m
[0mPUT /account/pay [32m200 [0m20.180 ms - 38[0m
[0mPUT /account/pay [32m200 [0m16.749 ms - 38[0m
[0mPUT /account/pay [32m200 [0m25.564 ms - 38[0m
[0mPUT /account/pay [32m200 [0m23.758 ms - 38[0m
[0mPUT /account/pay [32m200 [0m24.583 ms - 38[0m
[0mPUT /account/pay [32m200 [0m20.183 ms - 38[0m
[0mPUT /account/pay [32m200 [0m18.414 ms - 38[0m
[0mGET /account [32m200 [0m21.953 ms - 62[0m
[0mGET /favicon.ico [31m500 [0m12.404 ms - 37[0m
[0mPUT /account/pay [32m200 [0m27.355 ms - 38[0m
[0mPUT /account/pay [32m200 [0m22.101 ms - 38[0m
[0mPUT /account/pay [32m200 [0m20.023 ms - 38[0m
[0mPUT /account/pay [32m200 [0m19.981 ms - 38[0m
[0mPUT /account/pay [32m200 [0m46.148 ms - 38[0m
[0mGET /account [32m200 [0m27.036 ms - 62[0m
[0mPUT /account/pay [32m200 [0m19.963 ms - 38[0m
[0mPUT /account/pay [32m200 [0m18.941 ms - 38[0m
[0mGET /account [32m200 [0m17.203 ms - 62[0m
[0mGET /favicon.ico [31m500 [0m18.383 ms - 37[0m
[0mPUT /account/pay [32m200 [0m18.043 ms - 38[0m
[0mPUT /account/pay [32m200 [0m18.205 ms - 38[0m
[0mPUT /account/pay [32m200 [0m19.777 ms - 38[0m
[0mPUT /account/pay [32m200 [0m32.597 ms - 38[0m
[0mPUT /account/pay [32m200 [0m19.090 ms - 38[0m
[0mPUT /account/pay [31m500 [0m22.421 ms - 34[0m
[0mPUT /account/pay [31m500 [0m19.665 ms - 34[0m
[0mPUT /account/pay [31m500 [0m23.729 ms - 34[0m
[0mPUT /account/pay [31m500 [0m33.762 ms - 34[0m
[0mPUT /account/pay [31m500 [0m22.692 ms - 34[0m
[0mPUT /account/pay [31m500 [0m19.699 ms - 34[0m
[0mPUT /account/pay [31m500 [0m18.630 ms - 34[0m
[0mPUT /account/pay [31m500 [0m25.301 ms - 34[0m
[0mPUT /account/pay [31m500 [0m18.611 ms - 34[0m
[0mPUT /account/pay [31m500 [0m19.480 ms - 34[0m
[0mPUT /account/pay [31m500 [0m19.922 ms - 34[0m
[0mPUT /account/pay [31m500 [0m18.443 ms - 34[0m
[0mPUT /account/pay [31m500 [0m28.591 ms - 34[0m
[0mPUT /account/pay [31m500 [0m18.037 ms - 34[0m
[0mPUT /account/pay [31m500 [0m18.713 ms - 34[0m
[0mPUT /account/pay [31m500 [0m18.237 ms - 34[0m
[0mPUT /account/pay [31m500 [0m18.531 ms - 34[0m
[0mPUT /account/pay [31m500 [0m26.635 ms - 34[0m
[0mPUT /account/pay [31m500 [0m19.270 ms - 34[0m
[0mPUT /account/pay [31m500 [0m17.090 ms - 34[0m
[0mPUT /account/pay [31m500 [0m24.466 ms - 34[0m
[0mPUT /account/pay [31m500 [0m18.180 ms - 34[0m
[0mPUT /account/pay [31m500 [0m27.524 ms - 34[0m
[0mPUT /account/pay [31m500 [0m17.684 ms - 34[0m
[0mPUT /account/pay [31m500 [0m19.296 ms - 34[0m
[0mGET /account [32m200 [0m17.643 ms - 62[0m
[0mGET /favicon.ico [31m500 [0m10.649 ms - 37[0m
[0mGET /favicon.ico [31m500 [0m12.074 ms - 37[0m
[0mGET /account/FROG [32m200 [0m30.980 ms - 26[0m
[0mGET /account/FROG [32m200 [0m19.591 ms - 26[0m
[0mGET /account/FROG [36m304 [0m19.172 ms - -[0m
[0mGET /account/FROG [36m304 [0m16.320 ms - -[0m
[0mGET /account/FROG [36m304 [0m18.858 ms - -[0m
[0mGET /account/FROG [36m304 [0m18.181 ms - -[0m
[0mGET /account/FROG [36m304 [0m18.698 ms - -[0m
[0mGET /account/FROG [36m304 [0m19.542 ms - -[0m
[0mGET /account/FROG [36m304 [0m16.471 ms - -[0m
[0mPUT /account/pay [31m500 [0m17.694 ms - 34[0m
[0mGET /account/FROG [36m304 [0m17.448 ms - -[0m
[0mGET /account/FROG [36m304 [0m16.520 ms - -[0m
[0mGET /account/FROG [36m304 [0m16.103 ms - -[0m
[0mGET /account/FROG [36m304 [0m17.005 ms - -[0m
[0mPUT /account/pay [31m500 [0m19.192 ms - 34[0m
[0mGET /account/FROG [36m304 [0m24.708 ms - -[0m
[0mGET /account/FROG [36m304 [0m16.521 ms - -[0m
[0mGET /account/FROG [36m304 [0m46.923 ms - -[0m
[0mGET /account/FROG [36m304 [0m17.010 ms - -[0m
[0mPUT /account/pay [31m500 [0m17.535 ms - 34[0m
[0mGET /account/FROG [36m304 [0m22.604 ms - -[0m
[0mGET /account/GROSS [32m200 [0m18.297 ms - 26[0m
[0mGET /account/GROSS [36m304 [0m18.853 ms - -[0m
[0mGET /account/GROSS [36m304 [0m16.294 ms - -[0m
[0mGET /account/GROSS [36m304 [0m16.658 ms - -[0m
[0mGET /account/GROSS [36m304 [0m18.732 ms - -[0m
[0mGET /account/GROSS [36m304 [0m18.624 ms - -[0m
[0mPUT /account/pay [31m500 [0m19.375 ms - 34[0m
[0mGET /account/GROSS [36m304 [0m18.073 ms - -[0m
[0mGET /account/GROSS [36m304 [0m18.039 ms - -[0m
[0mPUT /account/pay [31m500 [0m19.159 ms - 34[0m
[0mGET /account/GROSS [36m304 [0m18.010 ms - -[0m
[0mGET /account/GROSS [36m304 [0m37.232 ms - -[0m
[0mGET /account/GROSS [36m304 [0m16.794 ms - -[0m
[0mGET /account/GROSS [36m304 [0m16.696 ms - -[0m
[0mGET /account/GROSS [36m304 [0m17.771 ms - -[0m
[0mGET /account/KJDUEN89 [32m200 [0m18.962 ms - 59[0m
[0mPUT /account/pay [32m200 [0m23.608 ms - 38[0m
[0mGET /account/KJDUEN89 [36m304 [0m18.277 ms - -[0m
[0mGET /account/KJDUEN89 [36m304 [0m21.540 ms - -[0m
[0mGET /account/KJDUEN89 [36m304 [0m18.901 ms - -[0m
[0mGET /account/KJDUEN8 [32m200 [0m21.048 ms - 26[0m
[0mGET /account/KJDUEN8 [36m304 [0m51.562 ms - -[0m
[0mGET /account/KJDUEN89 [36m304 [0m16.854 ms - -[0m
[0mPUT /account/pay [32m200 [0m23.071 ms - 38[0m
[0mGET /account/KJDUEN89 [32m200 [0m90.459 ms - 59[0m
[0mGET /account/FROG [32m200 [0m29.348 ms - 26[0m
[0mGET /account/FROG [36m304 [0m18.283 ms - -[0m
[0mGET /account [32m200 [0m15.619 ms - 62[0m
[0mGET /favicon.ico [31m500 [0m11.639 ms - 37[0m
[0mGET /favicon.ico [31m500 [0m11.082 ms - 37[0m
[0mGET /account/KJDUEN89 [32m200 [0m17.532 ms - 59[0m
[0mGET /account/KJDUEN89 [36m304 [0m18.523 ms - -[0m
[0mGET /account/KJDUEN89 [36m304 [0m20.233 ms - -[0m
[0mPUT /account/pay [32m200 [0m19.323 ms - 38[0m
[0mGET /account/KJDUEN89 [32m200 [0m16.154 ms - 59[0m
[0mGET /account/KJDUEN89 [36m304 [0m18.210 ms - -[0m
[0mGET /account/KJDUEN89 [36m304 [0m18.305 ms - -[0m
[0mGET /account/KJDUEN89 [36m304 [0m84.336 ms - -[0m
[0mGET /account/KJDUEN89 [36m304 [0m17.821 ms - -[0m
[0mPUT /account/pay [32m200 [0m21.437 ms - 38[0m
[0mGET /account/KJDUEN89 [32m200 [0m18.641 ms - 59[0m
[0mGET /account/KJDUEN8 [32m200 [0m17.966 ms - 26[0m
[0mGET /account/FROG [36m304 [0m17.791 ms - -[0m
[0mGET /account/FROG [36m304 [0m18.588 ms - -[0m
[0mGET /account/FROG [36m304 [0m18.122 ms - -[0m
[0mGET /account/FROG [36m304 [0m18.145 ms - -[0m
[0mGET /account/FROG [36m304 [0m18.290 ms - -[0m
[0mGET /account/FROG [36m304 [0m22.363 ms - -[0m
[0mGET /account/FROG [36m304 [0m16.340 ms - -[0m
[0mGET /account/FROG [36m304 [0m18.294 ms - -[0m
[0mGET /account/FROG [36m304 [0m18.929 ms - -[0m
[0mGET /account/FROG [36m304 [0m18.271 ms - -[0m
[0mGET /account/KJDUEN89 [36m304 [0m54.104 ms - -[0m
[0mPUT /account/pay [32m200 [0m19.384 ms - 38[0m
[0mGET /account/KJDUEN89 [32m200 [0m18.361 ms - 59[0m
[0mGET /account/KJDUEN89 [36m304 [0m17.104 ms - -[0m
[0mGET /account/KJDUEN89 [36m304 [0m17.778 ms - -[0m
[0mGET /account/KJDUEN89 [36m304 [0m18.617 ms - -[0m
[0mGET /account/KJDUEN89 [36m304 [0m18.334 ms - -[0m
[0mGET /account/KJDUEN89 [36m304 [0m18.363 ms - -[0m
[0mGET /account/KJDUEN89 [36m304 [0m16.065 ms - -[0m
[0mGET /account/KJDUEN89 [36m304 [0m21.605 ms - -[0m
[0mGET /account/KJDUEN89 [36m304 [0m18.422 ms - -[0m
[0mPUT /account/pay [32m200 [0m19.300 ms - 38[0m
[0mPUT /account/pay [32m200 [0m19.662 ms - 38[0m
[0mGET /account/KJDUEN89 [32m200 [0m18.408 ms - 59[0m
[0mGET /account/KJDUEN89 [36m304 [0m18.504 ms - -[0m
[0mGET /account/KJDUEN89 [36m304 [0m18.426 ms - -[0m
[0mGET /account/KJDUEN89 [36m304 [0m17.261 ms - -[0m
[0mGET /account/KJDUEN89 [36m304 [0m18.636 ms - -[0m
[0mGET /account/KJDUEN89 [36m304 [0m18.061 ms - -[0m
[0mGET /account [32m200 [0m17.011 ms - 62[0m
[0mGET /account [32m200 [0m25.966 ms - 62[0m
[0mGET /favicon.ico [31m500 [0m11.985 ms - 37[0m
[0mGET /account/KJDUEN89 [36m304 [0m17.811 ms - -[0m
[0mPUT /account/pay [32m200 [0m18.439 ms - 38[0m
[0mPUT /account/pay [32m200 [0m17.327 ms - 38[0m
[0mGET /account/KJDUEN89 [32m200 [0m18.936 ms - 59[0m
[0mGET /account/KJDUEN89 [36m304 [0m17.723 ms - -[0m
[0mGET /account/KJDUEN89 [36m304 [0m18.235 ms - -[0m
[0mGET /account/KJDUEN89 [36m304 [0m16.596 ms - -[0m
[0mGET /account/KJDUEN89 [36m304 [0m16.702 ms - -[0m
[0mGET /account/KJDUEN89 [36m304 [0m17.795 ms - -[0m
[0mGET /account/KJDUEN89 [36m304 [0m18.806 ms - -[0m
[0mPUT /account/pay [32m200 [0m24.822 ms - 38[0m
[0mGET /account/KJDUEN89 [32m200 [0m15.418 ms - 59[0m
[0mGET /account/KJDUEN89 [36m304 [0m16.520 ms - -[0m
[0mGET /account/KJDUEN89 [36m304 [0m16.661 ms - -[0m
[0mPUT /account/pay [32m200 [0m19.570 ms - 38[0m
[0mPUT /account/pay [32m200 [0m35.817 ms - 38[0m
[0mPUT /account/pay [32m200 [0m17.937 ms - 38[0m
[0mPUT /account/pay [32m200 [0m18.222 ms - 38[0m
[0mGET /account/KJDUEN89 [32m200 [0m18.412 ms - 59[0m
[0mPUT /account/pay [32m200 [0m19.143 ms - 38[0m
[0mPUT /account/pay [32m200 [0m19.950 ms - 38[0m
[0mGET /account/KJDUEN89 [32m200 [0m18.117 ms - 59[0m
[0mGET /account/KJDUEN89 [36m304 [0m19.009 ms - -[0m
[0mGET /account/KJDUEN89 [36m304 [0m18.393 ms - -[0m
[0mGET /account/KJDUEN89 [36m304 [0m21.061 ms - -[0m
[0mGET /account/KJDUEN89 [36m304 [0m18.140 ms - -[0m
[0mGET /account/KJDUEN89 [36m304 [0m18.171 ms - -[0m
[0mGET /account/KJDUEN89 [36m304 [0m17.206 ms - -[0m
[0mGET /account/KJDUEN89 [36m304 [0m16.360 ms - -[0m
[0mGET /account/KJDUEN89 [36m304 [0m18.298 ms - -[0m
[0mPUT /account/pay [32m200 [0m19.270 ms - 38[0m
[0mGET /account/KJDUEN89 [32m200 [0m18.291 ms - 59[0m
[0mGET /account/KJDUEN89 [36m304 [0m17.892 ms - -[0m
[0mGET /account/KJDUEN89 [36m304 [0m17.927 ms - -[0m
[0mPUT /account/pay [32m200 [0m19.152 ms - 38[0m
[0mGET /account/KJDUEN89 [32m200 [0m20.802 ms - 59[0m
[0mGET /account/KJDUEN89 [36m304 [0m22.484 ms - -[0m
[0mGET /account/KJDUEN89 [36m304 [0m15.931 ms - -[0m
[0mPUT /account/pay [32m200 [0m19.553 ms - 38[0m
[0mGET /account/KJDUEN89 [32m200 [0m17.778 ms - 59[0m
[0mGET /account/KJDUEN89 [36m304 [0m18.568 ms - -[0m
[0mGET /account/KJDUEN89 [36m304 [0m18.503 ms - -[0m
[0mGET /account/KJDUE [32m200 [0m18.120 ms - 26[0m
[0mGET /account [32m200 [0m17.207 ms - 62[0m
[0mGET /favicon.ico [31m500 [0m12.085 ms - 37[0m
[0mGET /favicon.ico [31m500 [0m12.164 ms - 37[0m
[0mGET /account/KJDUEN89 [36m304 [0m18.733 ms - -[0m
[0mPUT /account/pay [32m200 [0m19.946 ms - 38[0m
[0mGET /account/KJDUEN89 [32m200 [0m16.964 ms - 59[0m
[0mGET /account/KJDUEN89 [36m304 [0m15.987 ms - -[0m
[0mGET /account/KJDUEN89 [36m304 [0m18.556 ms - -[0m
[0mGET /account/KJDUEN89 [36m304 [0m17.822 ms - -[0m
[0mGET /account/KJDUEN89 [36m304 [0m18.616 ms - -[0m
[0mGET /account/KJDUEN89 [36m304 [0m18.817 ms - -[0m
[0mGET /account/KJDUEN89 [36m304 [0m31.947 ms - -[0m
[0mGET /account/KJDUEN89 [36m304 [0m16.702 ms - -[0m
[0mGET /account/KJDUEN89 [36m304 [0m18.440 ms - -[0m
[0mGET /account/KJDUEN89 [36m304 [0m17.394 ms - -[0m
[0mGET /account/KJDUEN89 [36m304 [0m16.530 ms - -[0m
[0mGET /account/KJDUEN89 [36m304 [0m16.154 ms - -[0m
[0mGET /account/KJDUEN89 [36m304 [0m15.967 ms - -[0m
[0mGET /account/KJDUEN89 [36m304 [0m18.072 ms - -[0m
[0mGET /account/KJDUEN89 [36m304 [0m17.099 ms - -[0m
[0mGET /account/KJDUEN89 [36m304 [0m16.491 ms - -[0m
[0mPUT /account/pay [32m200 [0m28.884 ms - 38[0m
[0mGET /account/KJDUEN89 [32m200 [0m17.772 ms - 59[0m
[0mPUT /account/pay [32m200 [0m18.814 ms - 38[0m
[0mPUT /account/pay [32m200 [0m19.510 ms - 38[0m
[0mGET /account/KJDUEN89 [32m200 [0m17.572 ms - 59[0m
[0mGET /account/KJDUEN89 [36m304 [0m16.692 ms - -[0m
[0mPUT /account/pay [32m200 [0m19.401 ms - 38[0m
[0mGET /account/KJDUEN89 [32m200 [0m18.450 ms - 59[0m
[0mPUT /account/pay [32m200 [0m19.847 ms - 38[0m
[0mPUT /account/pay [32m200 [0m17.966 ms - 38[0m
[0mGET /account/KJDUEN89 [32m200 [0m16.855 ms - 59[0m
[0mPUT /account/pay [32m200 [0m34.177 ms - 38[0m
[0mGET /account/KJDUEN89 [32m200 [0m18.869 ms - 59[0m
[0mGET /account/KJDUEN89 [36m304 [0m34.351 ms - -[0m
[0mGET /account/KJDUEN89 [36m304 [0m19.883 ms - -[0m
[0mGET /account/KJDUEN89 [36m304 [0m15.776 ms - -[0m
[0mGET /account/KJDUEN89 [36m304 [0m19.725 ms - -[0m
[0mPUT /account/pay [32m200 [0m59.154 ms - 38[0m
[0mPUT /account/pay [32m200 [0m18.823 ms - 38[0m
[0mGET /account/KJDUEN89 [32m200 [0m18.404 ms - 59[0m
[0mPUT /account/pay [32m200 [0m19.019 ms - 38[0m
[0mGET /account/KJDUEN89 [32m200 [0m18.493 ms - 59[0m
[0mGET /account/KJDUEN89 [36m304 [0m17.827 ms - -[0m
[0mPUT /account/pay [32m200 [0m29.379 ms - 38[0m
[0mGET /account [32m200 [0m16.506 ms - 62[0m
[0mGET /favicon.ico [31m500 [0m11.316 ms - 37[0m
[0mGET /favicon.ico [31m500 [0m12.285 ms - 37[0m
[0mGET /account/KJDUEN89 [32m200 [0m37.031 ms - 59[0m
[0mGET /account/KJDUEN89 [36m304 [0m18.271 ms - -[0m
[0mGET /account/KJDUEN89 [36m304 [0m43.540 ms - -[0m
[0mGET /account/KJDUEN89 [36m304 [0m18.019 ms - -[0m
[0mGET /account/KJDUEN89 [36m304 [0m24.190 ms - -[0m
[0mPUT /account/pay [32m200 [0m17.922 ms - 38[0m
[0mGET /account/KJDUEN89 [32m200 [0m16.514 ms - 59[0m
[0mGET /account/KJDUEN89 [36m304 [0m18.283 ms - -[0m
[0mGET /account/KJDUEN89 [36m304 [0m17.631 ms - -[0m
[0mGET /account/KJDUEN89 [36m304 [0m15.697 ms - -[0m
[0mGET /account/KJDUEN89 [36m304 [0m17.524 ms - -[0m
[0mPUT /account/pay [32m200 [0m17.239 ms - 38[0m
[0mGET /account/KJDUEN89 [32m200 [0m17.960 ms - 59[0m
[0mGET /account/KJDUEN89 [36m304 [0m18.068 ms - -[0m
[0mGET /account/KJDUEN89 [36m304 [0m18.110 ms - -[0m
[0mGET /account/KJDUEN89 [36m304 [0m17.402 ms - -[0m
[0mGET /account/KJDUEN89 [36m304 [0m17.579 ms - -[0m
[0mGET /account/KJDUEN89 [36m304 [0m18.214 ms - -[0m
[0mGET /account/KJDUEN89 [36m304 [0m18.001 ms - -[0m
[0mPUT /account/pay [32m200 [0m18.709 ms - 38[0m
[0mGET /account/KJDUEN89 [32m200 [0m16.931 ms - 59[0m
[0mGET /account/KJDUEN89 [36m304 [0m18.055 ms - -[0m
[0mGET /account/KJDUEN89 [36m304 [0m28.689 ms - -[0m
[0mGET /account/KJDUEN89 [36m304 [0m18.560 ms - -[0m
[0mPUT /account/pay [32m200 [0m17.067 ms - 38[0m
[0mGET /account/KJDUEN89 [32m200 [0m17.346 ms - 59[0m
[0mGET /account/KJDUEN89 [36m304 [0m18.130 ms - -[0m
[0mPUT /account/pay [32m200 [0m18.766 ms - 38[0m
[0mGET /account/KJDUEN89 [32m200 [0m18.172 ms - 59[0m
[0mGET /account/KJDUEN89 [36m304 [0m17.884 ms - -[0m
[0mGET /account/KJDUEN89 [36m304 [0m24.322 ms - -[0m
[0mPUT /account/pay [32m200 [0m19.803 ms - 38[0m
[0mGET /account/KJDUEN89 [32m200 [0m18.110 ms - 59[0m
[0mGET /account/KJDUEN89 [36m304 [0m17.239 ms - -[0m
[0mGET /account/KJDUEN89 [36m304 [0m18.029 ms - -[0m
[0mGET /account/KJDUEN89 [36m304 [0m18.265 ms - -[0m
[0mGET /account/KJDUEN89 [36m304 [0m18.041 ms - -[0m
[0mGET /account/KJDUEN89 [36m304 [0m18.348 ms - -[0m
[0mPUT /account/pay [32m200 [0m17.271 ms - 38[0m
[0mGET /account/KJDUEN89 [32m200 [0m17.324 ms - 59[0m
[0mGET /account/KJDUEN89 [36m304 [0m18.373 ms - -[0m
[0mGET /account/KJDUEN89 [36m304 [0m18.178 ms - -[0m
[0mGET /account/KJDUEN89 [36m304 [0m18.029 ms - -[0m
[0mPUT /account/pay [32m200 [0m18.579 ms - 38[0m
[0mGET /account/KJDUEN89 [32m200 [0m16.996 ms - 59[0m
[0mGET /account/KJDUEN89 [36m304 [0m16.947 ms - -[0m
[0mPUT /account/pay [32m200 [0m19.776 ms - 38[0m
[0mGET /account/KJDUEN89 [32m200 [0m18.187 ms - 59[0m
[0mGET /account/KJDUEN89 [36m304 [0m25.920 ms - -[0m
[0mGET /account/KJDUEN89 [36m304 [0m15.954 ms - -[0m
[0mGET /account/KJDUEN89 [36m304 [0m16.741 ms - -[0m
[0mGET /account/KJDUEN89 [36m304 [0m16.168 ms - -[0m
[0mPUT /account/pay [32m200 [0m17.698 ms - 38[0m
[0mGET /account/KJDUEN89 [32m200 [0m16.286 ms - 59[0m
[0mGET /account/KJDUEN89 [36m304 [0m16.039 ms - -[0m
[0mGET /account/KJDUEN89 [36m304 [0m16.308 ms - -[0m
[0mGET /account/KJDUEN89 [36m304 [0m17.768 ms - -[0m
[0mGET /account/KJDUEN89 [36m304 [0m16.523 ms - -[0m
[0mGET /account/KJDUEN89 [36m304 [0m16.923 ms - -[0m
[0mPUT /account/pay [32m200 [0m19.342 ms - 38[0m
[0mGET /account/KJDUEN89 [32m200 [0m17.042 ms - 59[0m
[0mGET /account/KJDUEN89 [36m304 [0m17.512 ms - -[0m
[0mGET /account/KJDUEN89 [36m304 [0m18.071 ms - -[0m
[0mPUT /account/pay [32m200 [0m19.979 ms - 38[0m
[0mGET /account/KJDUEN89 [32m200 [0m16.779 ms - 59[0m
[0mGET /account/KJDUEN89 [36m304 [0m33.189 ms - -[0m
[0mGET /account/KJDUEN89 [36m304 [0m18.166 ms - -[0m
[0mPUT /account/pay [32m200 [0m19.576 ms - 38[0m
[0mGET /account/KJDUEN89 [32m200 [0m16.653 ms - 59[0m
[0mGET /account/KJDUEN89 [32m200 [0m61.035 ms - 59[0m
[0mGET /account/KJDUEN89 [36m304 [0m18.493 ms - -[0m
[0mGET /account/KJDUEN89 [36m304 [0m17.881 ms - -[0m
[0mPUT /account/pay [32m200 [0m18.842 ms - 38[0m
[0mGET /account/KJDUEN89 [32m200 [0m16.836 ms - 59[0m
[0mGET /account/KJDUEN89 [36m304 [0m17.836 ms - -[0m
[0mGET /account/KJDUEN89 [36m304 [0m18.178 ms - -[0m
[0mGET /account/KJDUEN89 [36m304 [0m17.944 ms - -[0m
[0mGET /account/KJDUEN89 [36m304 [0m17.873 ms - -[0m
[0mGET /account/KJDUEN89 [36m304 [0m17.908 ms - -[0m
[0mGET /account/KJDUEN89 [36m304 [0m18.012 ms - -[0m
[0mGET /account/KJDUEN89 [36m304 [0m18.067 ms - -[0m
[0mGET /account/KJDUEN89 [36m304 [0m17.907 ms - -[0m
[0mPUT /account/pay [32m200 [0m18.452 ms - 38[0m
[0mPUT /account/pay [32m200 [0m17.922 ms - 38[0m
[0mPUT /account/pay [32m200 [0m18.156 ms - 38[0m
[0mPUT /account/pay [32m200 [0m19.601 ms - 38[0m
[0mGET /account/KJDUEN89 [32m200 [0m19.810 ms - 59[0m
[0mGET /account/KJDUEN89 [36m304 [0m15.716 ms - -[0m
[0mGET /account/KJDUEN89 [36m304 [0m15.405 ms - -[0m
[0mGET /account/KJDUEN89 [36m304 [0m15.512 ms - -[0m
[0mGET /account/KJDUEN89 [36m304 [0m24.482 ms - -[0m
[0mGET /account/KJDUEN89 [36m304 [0m16.881 ms - -[0m
[0mGET /account/KJDUEN89 [36m304 [0m16.293 ms - -[0m
[0mGET /account/KJDUEN89 [36m304 [0m18.196 ms - -[0m
[0mPUT /account/pay [32m200 [0m19.609 ms - 38[0m
[0mGET /account/KJDUEN89 [32m200 [0m16.013 ms - 59[0m
[0mGET /account/KJDUEN89 [36m304 [0m17.881 ms - -[0m
[0mGET /account/KJDUEN89 [36m304 [0m24.532 ms - -[0m
[0mGET /account/KJDUEN89 [36m304 [0m17.277 ms - -[0m
[0mGET /account/KJDUEN89 [36m304 [0m18.135 ms - -[0m
[0mGET /account/KJDUEN89 [36m304 [0m17.962 ms - -[0m
[0mGET /account/KJDUEN89 [36m304 [0m16.917 ms - -[0m
[0mGET /account/KJDUEN89 [36m304 [0m17.489 ms - -[0m
[0mGET /account/KJDUEN89 [36m304 [0m16.333 ms - -[0m
[0mGET /account/KJDUEN89 [36m304 [0m23.470 ms - -[0m
[0mPUT /account/pay [32m200 [0m18.717 ms - 38[0m
[0mGET /account/KJDUEN89 [32m200 [0m17.187 ms - 59[0m
[0mPUT /account/pay [32m200 [0m19.346 ms - 38[0m
[0mGET /account/KJDUEN89 [32m200 [0m15.843 ms - 59[0m
[0mGET /account/KJDUEN89 [36m304 [0m22.400 ms - -[0m
[0mGET /account/KJDUEN89 [36m304 [0m18.163 ms - -[0m
[0mPUT /account/pay [32m200 [0m19.246 ms - 38[0m
[0mGET /account/KJDUEN89 [32m200 [0m28.427 ms - 59[0m
[0mGET /account/FROG [32m200 [0m15.261 ms - 26[0m
[0mGET /account/FROG [36m304 [0m17.670 ms - -[0m
[0mGET / [31m500 [0m14.691 ms - 37[0m
[0mGET /favicon.ico [31m500 [0m12.418 ms - 37[0m
[0mGET /favicon.ico [31m500 [0m11.245 ms - 37[0m
[0mGET /accounts [31m500 [0m18.064 ms - 37[0m
[0mGET /account [32m200 [0m74.245 ms - 62[0m
[0mGET /favicon.ico [31m500 [0m15.697 ms - 37[0m
[0mGET /favicon.ico [31m500 [0m353.350 ms - 37[0m
[0mGET /account/KJDUEN89 [32m200 [0m65.526 ms - 59[0m
[0mPUT /account/pay [32m200 [0m79.762 ms - 38[0m
[0mGET /account/KJDUEN89 [32m200 [0m15.946 ms - 59[0m
[0mGET /account/KJDUEN89 [36m304 [0m15.544 ms - -[0m
[0mGET /account [32m200 [0m17.817 ms - 62[0m
[0mGET /favicon.ico [31m500 [0m12.055 ms - 37[0m
[0mGET /favicon.ico [31m500 [0m11.803 ms - 37[0m
[0mGET /account [36m304 [0m16.907 ms - -[0m
[0mGET /favicon.ico [31m500 [0m11.725 ms - 37[0m
[0mGET /favicon.ico [31m500 [0m11.648 ms - 37[0m
[0mGET /account/KJDUEN89 [32m200 [0m15.102 ms - 59[0m
[0mGET /account/KJDUEN89 [36m304 [0m17.758 ms - -[0m
[0mGET /account/KJDUEN89 [36m304 [0m16.375 ms - -[0m
[0mPUT /account/pay [32m200 [0m18.664 ms - 38[0m
[0mGET /account/KJDUEN89 [32m200 [0m17.759 ms - 59[0m
[0mGET /account/KJDUEN89 [36m304 [0m17.688 ms - -[0m
[0mGET /account/KJDUEN89 [36m304 [0m25.602 ms - -[0m
[0mPUT /account/pay [32m200 [0m19.157 ms - 38[0m
[0mGET /account/KJDUEN89 [32m200 [0m16.696 ms - 59[0m
[0mGET /account [32m200 [0m16.027 ms - 62[0m
[0mGET /favicon.ico [31m500 [0m11.618 ms - 37[0m
[0mGET /favicon.ico [31m500 [0m11.389 ms - 37[0m
[0mGET /account/KJDUEN89 [32m200 [0m16.801 ms - 59[0m
[0mGET /account/KJDUEN89 [36m304 [0m17.657 ms - -[0m
[0mGET /account/KJDUEN89 [36m304 [0m15.642 ms - -[0m
[0mGET /account/KJDUEN89 [36m304 [0m17.883 ms - -[0m
[0mPUT /account/pay [32m200 [0m17.371 ms - 38[0m
[0mGET /account/KJDUEN89 [32m200 [0m17.022 ms - 59[0m
[0mGET /account [32m200 [0m16.623 ms - 62[0m
[0mGET /account/KJDUEN89 [36m304 [0m67.179 ms - -[0m
[0mGET /account/KJDUEN89 [36m304 [0m16.457 ms - -[0m
[0mPUT /account/pay [32m200 [0m17.107 ms - 38[0m
[0mGET /account [32m200 [0m17.537 ms - 62[0m
[0mGET /account/KJDUEN89 [32m200 [0m16.771 ms - 59[0m
[0mGET /account/KJDUEN89 [32m200 [0m53.266 ms - 59[0m
[0mGET /account/KJDUEN89 [36m304 [0m22.340 ms - -[0m
[0mGET /account/KJDUEN89 [36m304 [0m19.747 ms - -[0m
[0mGET /account/KJDUEN89 [36m304 [0m19.423 ms - -[0m
[0mGET /account/KJDUEN89 [36m304 [0m19.283 ms - -[0m
[0mGET /account/KJDUEN89 [36m304 [0m18.089 ms - -[0m
